<?xml version="1.0" encoding="UTF-8"?>
<!-- Generated by org.testng.reporters.JUnitReportReporter -->
<testsuite hostname="DESKTOP-KJLUK6B" failures="0" tests="1" name="com.todos.tests.AddTodoTest" time="61.136" errors="0" timestamp="11 Feb 2021 22:15:48 GMT">
  <testcase classname="com.todos.tests.AddTodoTest" name="iCanAddTodo" time="61.136"/>
</testsuite> <!-- com.todos.tests.AddTodoTest -->
